<?xml version="1.0" encoding="UTF-8"?>
<!-- Generated by org.testng.reporters.JUnitXMLReporter -->
<testsuite ignored="0" hostname="Pankajs-MacBook-Air.local" failures="1" tests="1" name="Functional Test: Trivago(failed)" time="0.58" errors="0" timestamp="2022-08-01T15:09:30 IST">
  <testcase classname="runner.Runner" name="@AfterClass tearDownClass" time="0.266">
    <failure type="cucumber.runtime.CucumberException" message="java.io.IOException: Failed to create directory /Users/Pankaj/xtra/SeleniumWorkspace/CucTestNG_01/testOutput/HTML_reports/default.html">
      <![CDATA[cucumber.runtime.CucumberException: java.io.IOException: Failed to create directory /Users/Pankaj/xtra/SeleniumWorkspace/CucTestNG_01/testOutput/HTML_reports/default.html
at cucumber.runtime.formatter.HTMLFormatter.reportFileOutputStream(HTMLFormatter.java:231)
at cucumber.runtime.formatter.HTMLFormatter.jsOut(HTMLFormatter.java:219)
at cucumber.runtime.formatter.HTMLFormatter.close(HTMLFormatter.java:114)
at cucumber.runtime.Utils$1.call(Utils.java:40)
at cucumber.runtime.Timeout.timeout(Timeout.java:16)
at cucumber.runtime.Utils.invoke(Utils.java:34)
at cucumber.runtime.RuntimeOptions$1.invoke(RuntimeOptions.java:294)
at com.sun.proxy.$Proxy15.close(Unknown Source)
at cucumber.api.testng.TestNGCucumberRunner.finish(TestNGCucumberRunner.java:77)
at runner.Runner.tearDownClass(Runner.java:48)
at java.base/java.util.ArrayList.forEach(ArrayList.java:1511)
at java.base/java.util.concurrent.FutureTask.run(FutureTask.java:264)
at java.base/java.util.concurrent.ThreadPoolExecutor.runWorker(ThreadPoolExecutor.java:1130)
at java.base/java.util.concurrent.ThreadPoolExecutor$Worker.run(ThreadPoolExecutor.java:630)
at java.base/java.lang.Thread.run(Thread.java:832)
Caused by: java.io.IOException: Failed to create directory /Users/Pankaj/xtra/SeleniumWorkspace/CucTestNG_01/testOutput/HTML_reports/default.html
at cucumber.runtime.io.URLOutputStream.ensureParentDirExists(URLOutputStream.java:53)
at cucumber.runtime.io.URLOutputStream.<init>(URLOutputStream.java:33)
at cucumber.runtime.io.URLOutputStream.<init>(URLOutputStream.java:24)
at cucumber.runtime.formatter.HTMLFormatter.reportFileOutputStream(HTMLFormatter.java:229)
... 33 more
... Removed 19 stack frames]]>
    </failure>
  </testcase> <!-- @AfterClass tearDownClass -->
  <testcase classname="runner.Runner" name="feature" time="0.0">
    <failure type="org.testng.TestNGException" message="
Method public void runner.Runner.feature(cucumber.api.testng.CucumberFeatureWrapper) requires a @DataProvider named : features">
      <![CDATA[org.testng.TestNGException: 
Method public void runner.Runner.feature(cucumber.api.testng.CucumberFeatureWrapper) requires a @DataProvider named : features
at java.base/java.util.ArrayList.forEach(ArrayList.java:1511)
at java.base/java.util.concurrent.FutureTask.run(FutureTask.java:264)
at java.base/java.util.concurrent.ThreadPoolExecutor.runWorker(ThreadPoolExecutor.java:1130)
at java.base/java.util.concurrent.ThreadPoolExecutor$Worker.run(ThreadPoolExecutor.java:630)
at java.base/java.lang.Thread.run(Thread.java:832)
... Removed 14 stack frames]]>
    </failure>
  </testcase> <!-- feature -->
</testsuite> <!-- Functional Test: Trivago(failed) -->
